Microsoft (R) Macro Assembler Version 5.00                  8/26/23 12:47:40
                                                             Page     1-1


       1				.model small 
       2 0064				.stack 100 
       3 0000				.data 
       4				 
       5 0000  02 04 06 08 0A 0C 08	byteList DB 2, 4, 6, 8, 10, 12, 8 
       6				 
       7 0000				.code 
       8 0000				main proc 
       9				 
      10 0000  B8 ---- R		mov ax,@data 
      11 0003  8E D8			mov ds,ax 
      12 0005  8E C0			mov es,ax 
      13 0007  B8 4C00			mov ax,4c00h 
      14				 
      15				; start 
      16				 
      17 000A  B8 0000			mov     ax,0h 
      18 000D  BA 0000			mov     dx,0000h                       
					         ;use DX as accumulator 
      19 0010  B9 0007			mov     cx,7h                          
					         ;number of elements is array 
      20 0013  BB 0000			mov     bx,0000h                       
					         ;bx as tracker 
      21				 
      22 0016  8D 36 0000 R		lea     si,byteList 
      23				 
      24 001A				loopStart:   
      25 001A  8A 04			                    mov     al,[si]    
					         ;move si value to al 
      26 001C  02 D0			                    add     dl,al      
					         ;add to dl 
      27				 
      28 001E  46			                    inc     si         
					         ;to next element 
      29				 
      30 001F  E2 F9			                    loop    loopStart 
      31				 
      32 0021  8B C2			mov     ax,dx 
      33				 
      34 0023  E8 002A R		call    PRINT_NUM 
      35				;end 
      36				 
      37 0026  B4 4C			mov ah,4ch 
      38 0028  CD 21			int 21h 
      39				 
      40 002A				main endp 
      41				 
      42 002A				PRINT_NUM           PROC               
					         ;print ax 
      43 002A  50			                            push    ax 
      44 002B  53			                            push    bx 
      45 002C  51			                            push    cx 
      46 002D  52			                            push    dx 
      47				 
Microsoft (R) Macro Assembler Version 5.00                  8/26/23 12:47:40
                                                             Page     1-2


      48 002E  BB 000A			                            mov     bx,
					0Ah      ;initalise divisor 
      49 0031  B9 0000			                            mov     cx,
					0h 
      50				                             
      51 0034				                            divLoop:   
					  
      52 0034  33 D2			                                       
					 xor     dx,dx       ;clear remainder 
      53 0036  F7 F3			                                       
					 div     bx 
      54 0038  52			                                       
					 push    dx          ;save remainder 
      55 0039  41			                                       
					 inc     cx          ;count looped numb
					er 
      56 003A  85 C0			                                       
					 test    ax,ax       ;if ax != 0, conti
					nue 
      57 003C  75 F6			                                       
					 jnz     divLoop 
      58				 
      59 003E  B4 02			                            mov     ah,
					02h 
      60				 
      61 0040				                            printLoop: 
					  
      62 0040  5A			                                       
					 pop     dx          ;get remainder 
      63 0041  80 C2 30			                                       
					 add     dl,"0" 
      64 0044  CD 21			                                       
					 int     21h         ;print 
      65 0046  E2 F8			                                       
					 loop    printLoop   ;loop until cx is 
					zero (the number of times divLoop) 
      66				 
      67 0048  58			                            pop    ax 
      68 0049  5B			                            pop    bx 
      69 004A  59			                            pop    cx 
      70 004B  5A			                            pop    dx 
      71				 
      72 004C  C3			                            ret 
      73				 
      74 004D				PRINT_NUM           ENDP 
      75				 
      76 004D				NEWLINE         PROC 
      77 004D  50			                        push    ax 
      78 004E  52			                        push    dx 
      79 004F  B2 0A			                        mov     dl,10d 
      80 0051  B4 02			                        mov     ah,02h 
      81 0053  CD 21			                        int     21h 
      82 0055  5A			                        pop     dx 
      83 0056  58			                        pop     ax 
Microsoft (R) Macro Assembler Version 5.00                  8/26/23 12:47:40
                                                             Page     1-3


      84 0057  C3			                        ret 
      85 0058				NEWLINE         ENDP 
      86				 
      87 0058				end main 
Microsoft (R) Macro Assembler Version 5.00                  8/26/23 12:47:40
                                                             Symbols-1


Segments and Groups:

                N a m e         	Length	 Align	Combine Class

DGROUP . . . . . . . . . . . . .  	GROUP
  _DATA  . . . . . . . . . . . .  	0007	WORD	PUBLIC	'DATA'
  STACK  . . . . . . . . . . . .  	0064	PARA	STACK	'STACK'
_TEXT  . . . . . . . . . . . . .  	0058	WORD	PUBLIC	'CODE'

Symbols:            

                N a m e         	Type	 Value	 Attr

BYTELIST . . . . . . . . . . . .  	L BYTE	0000	_DATA

DIVLOOP  . . . . . . . . . . . .  	L NEAR	0034	_TEXT

LOOPSTART  . . . . . . . . . . .  	L NEAR	001A	_TEXT

MAIN . . . . . . . . . . . . . .  	N PROC	0000	_TEXT	Length = 002A

NEWLINE  . . . . . . . . . . . .  	N PROC	004D	_TEXT	Length = 000B

PRINTLOOP  . . . . . . . . . . .  	L NEAR	0040	_TEXT
PRINT_NUM  . . . . . . . . . . .  	N PROC	002A	_TEXT	Length = 0023

@CODE  . . . . . . . . . . . . .  	TEXT  _TEXT		
@CODESIZE  . . . . . . . . . . .  	TEXT  0		
@DATASIZE  . . . . . . . . . . .  	TEXT  0		
@FILENAME  . . . . . . . . . . .  	TEXT  P3Q4		


     87 Source  Lines
     87 Total   Lines
     21 Symbols

  50462 + 466082 Bytes symbol space free

      0 Warning Errors
      0 Severe  Errors
