Microsoft (R) Macro Assembler Version 5.00                  9/11/23 13:42:23
                                                             Page     1-1


       1				.MODEL SMALL 
       2 0064				.STACK 100 
       3 0000				.DATA 
       4				 
       5 0000  54 68 69 73 20 69 73	str1        DB  "This is my favorite$" 
       6       20 6D 79 20 66 61 76	
       7       6F 72 69 74 65 24	
       8				 
       9 0014  20 41 20 3D 20 24	strA        DB  " A = $" 
      10 001A  20 45 20 3D 20 24	strE        DB  " E = $" 
      11 0020  20 49 20 3D 20 24	strI        DB  " I = $" 
      12 0026  20 4F 20 3D 20 24	strO        DB  " O = $" 
      13 002C  20 55 20 3D 20 24	strU        DB  " U = $" 
      14				 
      15 0032  00			VowelA      DB  0 
      16 0033  00			VowelE      DB  0 
      17 0034  00			VowelI      DB  0 
      18 0035  00			VowelO      DB  0 
      19 0036  00			VowelU      DB  0 
      20 0000				.CODE 
      21 0000				MAIN PROC 
      22				 
      23 0000  B8 ---- R		MOV AX,@DATA 
      24 0003  8E D8			MOV DS,AX 
      25				 
      26				; START 
      27				 
      28 0005  8D 36 0000 R		lea         si, str1 
      29				 
      30				; countL: 
      31				            ; MOV     al, [si] 
      32				            ; inc     si 
      33				 
      34 0009  8D 36 0000 R		            lea     si, Str1 
      35 000D  B3 61			            mov     bl, "a" 
      36 000F  E8 0090 R		            call    COUNT_CHAR 
      37 0012  A2 0032 R		            mov     [VowelA],   al 
      38				 
      39 0015  B3 65			            mov     bl, "e" 
      40 0017  E8 0090 R		            call    COUNT_CHAR 
      41 001A  A2 0033 R		            mov     [VowelE],   al 
      42				 
      43 001D  B3 69			            mov     bl, "i" 
      44 001F  E8 0090 R		            call    COUNT_CHAR 
      45 0022  A2 0034 R		            mov     [VowelI],   al 
      46				 
      47 0025  B3 6F			            mov     bl, "o" 
      48 0027  E8 0090 R		            call    COUNT_CHAR 
      49 002A  A2 0035 R		            mov     [VowelO],   al 
      50				 
      51 002D  B3 75			            mov     bl, "u" 
      52 002F  E8 0090 R		            call    COUNT_CHAR 
      53 0032  A2 0036 R		            mov     [VowelU],   al 
      54				 
Microsoft (R) Macro Assembler Version 5.00                  9/11/23 13:42:23
                                                             Page     1-2


      55				            ; cmp     al, "$" 
      56				            ; je      countLExit 
      57				 
      58				            ; cmp     al, "a" 
      59				            ; je      addA 
      60				 
      61				            ; cmp     al, "e" 
      62				            ; je      addE 
      63				 
      64				            ; cmp     al, "i" 
      65				            ; je      addI 
      66				 
      67				            ; cmp     al, "o" 
      68				            ; je      addO 
      69				 
      70				            ; cmp     al, "u" 
      71				            ; je      addU 
      72				             
      73				            ; jmp     countL 
      74				            ; addA: 
      75				            ;         MOV     al, [Vowe
					lA] 
      76				            ;         inc     al 
      77				            ;         MOV     [VowelA],
					   al 
      78				            ;         jmp     countL 
      79				            ; addE: 
      80				            ;         MOV     al, [Vowe
					lE] 
      81				            ;         inc     al 
      82				            ;         MOV     [VowelE],
					   al 
      83				            ;         jmp     countL 
      84				            ; addI: 
      85				            ;         MOV     al, [Vowe
					lI] 
      86				            ;         inc     al 
      87				            ;         MOV     [VowelI],
					   al 
      88				            ;         jmp     countL 
      89				            ; addO: 
      90				            ;         MOV     al, [Vowe
					lO] 
      91				            ;         inc     al 
      92				            ;         MOV     [VowelO],
					   al 
      93				            ;         jmp     countL 
      94				            ; addU: 
      95				            ;         MOV     al, [Vowe
					lU] 
      96				            ;         inc     al 
      97				            ;         MOV     [VowelU],
					   al 
      98				            ;         jmp     countL 
Microsoft (R) Macro Assembler Version 5.00                  9/11/23 13:42:23
                                                             Page     1-3


      99 0035				countLExit: 
     100				 
     101 0035  8D 16 0014 R		            lea     dx, strA 
     102 0039  E8 0089 R		            call    PRINT_STR 
     103 003C  8A 16 0032 R		            mov     dl, [VowelA] 
     104 0040  E8 007F R		            call    PRINT_CHAR 
     105				 
     106 0043  8D 16 001A R		            lea     dx, strE 
     107 0047  E8 0089 R		            call    PRINT_STR 
     108 004A  8A 16 0033 R		            mov     dl, [VowelE] 
     109 004E  E8 007F R		            call    PRINT_CHAR 
     110				 
     111 0051  8D 16 0020 R		            lea     dx, strI 
     112 0055  E8 0089 R		            call    PRINT_STR 
     113 0058  8A 16 0034 R		            mov     dl, [VowelI] 
     114 005C  E8 007F R		            call    PRINT_CHAR 
     115				 
     116 005F  8D 16 0026 R		            lea     dx, strO 
     117 0063  E8 0089 R		            call    PRINT_STR 
     118 0066  8A 16 0035 R		            mov     dl, [VowelO] 
     119 006A  E8 007F R		            call    PRINT_CHAR 
     120				 
     121 006D  8D 16 002C R		            lea     dx, strU 
     122 0071  E8 0089 R		            call    PRINT_STR 
     123 0074  8A 16 0036 R		            mov     dl, [VowelU] 
     124 0078  E8 007F R		            call    PRINT_CHAR 
     125				;END 
     126				 
     127 007B  B4 4C			MOV AH,4CH 
     128 007D  CD 21			INT 21H 
     129				 
     130 007F				MAIN ENDP 
     131				 
     132 007F				PRINT_CHAR      PROC                   
					                     ;print cjaracter o
					f value in dl 
     133 007F  50			                            push    ax 
     134 0080  80 C2 30			                            add     dl,
					 48d 
     135 0083  B4 02			                            mov     ah,
					 02h 
     136 0085  CD 21			                            int     21h
					 
     137 0087  58			                            pop     ax 
     138 0088  C3			                            ret 
     139 0089				PRINT_CHAR      ENDP 
     140				 
     141 0089				PRINT_STR       PROC 
     142 0089  50			                            push       
					 ax 
     143 008A  B4 09			                            mov        
					 ah,09d 
     144 008C  CD 21			                            int        
					 21h 
Microsoft (R) Macro Assembler Version 5.00                  9/11/23 13:42:23
                                                             Page     1-4


     145 008E  58			                            pop        
					 ax 
     146 008F  C3			                            ret 
     147 0090				PRINT_STR       ENDP 
     148				 
     149 0090				COUNT_CHAR      PROC                   
					                     ;compare si and bl
					 
     150 0090  56			                            push    si 
     151				 
     152 0091  33 C0			                            xor     ax,
					 ax 
     153 0093				                            COUNT_CHARL
					: 
     154 0093  8A 14			                                    mov
					     dl, [si] 
     155 0095  46			                                    inc
					     si 
     156 0096  80 FA 24			                                    cmp
					     dl, "$" 
     157 0099  74 07			                                    je 
					     COUNT_CHARL_EXIT 
     158				 
     159 009B  3A D3			                                    cmp
					     dl, bl 
     160 009D  75 F4			                                    jne
					     COUNT_CHARL 
     161				 
     162 009F  40			                                    inc
					     ax 
     163 00A0  EB F1			                                    jmp
					     COUNT_CHARL 
     164 00A2				                            COUNT_CHARL
					_EXIT: 
     165				 
     166 00A2  5E			                            pop     si 
     167 00A3  C3			                            ret 
     168 00A4				COUNT_CHAR      ENDP 
     169				 
     170 00A4				END MAIN 
Microsoft (R) Macro Assembler Version 5.00                  9/11/23 13:42:23
                                                             Symbols-1


Segments and Groups:

                N a m e         	Length	 Align	Combine Class

DGROUP . . . . . . . . . . . . .  	GROUP
  _DATA  . . . . . . . . . . . .  	0037	WORD	PUBLIC	'DATA'
  STACK  . . . . . . . . . . . .  	0064	PARA	STACK	'STACK'
_TEXT  . . . . . . . . . . . . .  	00A4	WORD	PUBLIC	'CODE'

Symbols:            

                N a m e         	Type	 Value	 Attr

COUNTLEXIT . . . . . . . . . . .  	L NEAR	0035	_TEXT
COUNT_CHAR . . . . . . . . . . .  	N PROC	0090	_TEXT	Length = 0014
COUNT_CHARL  . . . . . . . . . .  	L NEAR	0093	_TEXT
COUNT_CHARL_EXIT . . . . . . . .  	L NEAR	00A2	_TEXT

MAIN . . . . . . . . . . . . . .  	N PROC	0000	_TEXT	Length = 007F

PRINT_CHAR . . . . . . . . . . .  	N PROC	007F	_TEXT	Length = 000A
PRINT_STR  . . . . . . . . . . .  	N PROC	0089	_TEXT	Length = 0007

STR1 . . . . . . . . . . . . . .  	L BYTE	0000	_DATA
STRA . . . . . . . . . . . . . .  	L BYTE	0014	_DATA
STRE . . . . . . . . . . . . . .  	L BYTE	001A	_DATA
STRI . . . . . . . . . . . . . .  	L BYTE	0020	_DATA
STRO . . . . . . . . . . . . . .  	L BYTE	0026	_DATA
STRU . . . . . . . . . . . . . .  	L BYTE	002C	_DATA

VOWELA . . . . . . . . . . . . .  	L BYTE	0032	_DATA
VOWELE . . . . . . . . . . . . .  	L BYTE	0033	_DATA
VOWELI . . . . . . . . . . . . .  	L BYTE	0034	_DATA
VOWELO . . . . . . . . . . . . .  	L BYTE	0035	_DATA
VOWELU . . . . . . . . . . . . .  	L BYTE	0036	_DATA

@CODE  . . . . . . . . . . . . .  	TEXT  _TEXT		
@CODESIZE  . . . . . . . . . . .  	TEXT  0		
@DATASIZE  . . . . . . . . . . .  	TEXT  0		
@FILENAME  . . . . . . . . . . .  	TEXT  tut		


    168 Source  Lines
    168 Total   Lines
     32 Symbols

  50484 + 449676 Bytes symbol space free

      0 Warning Errors
      0 Severe  Errors
