Microsoft (R) Macro Assembler Version 5.00                  8/13/23 17:16:00
                                                             Page     1-1


       1				.model small 
       2 0064				.stack 100 
       3 0000				.data 
       4				 
       5 0000  4D 49 4C 4B 24		data1       DB    "MILK",'$' 
       6 0005  0004[			data2       DB    4   dup ('*'),'$' 
       7	   2A			
       8			 ]	
       9       24			
      10				 
      11 000A  49 6E 69 74 69 61 6C	inital      DB    "Initial Content$" 
      12       20 43 6F 6E 74 65 6E	
      13       74 24			
      14 001A  41 66 74 65 72 20 52	after       DB    "After Replacement$" 
      15       65 70 6C 61 63 65 6D	
      16       65 6E 74 24		
      17				 
      18 002C  64 61 74 61 31 3A 20	data1Name   DB    "data1: $" 
      19       24			
      20 0034  64 61 74 61 32 3A 20	data2Name   DB    "data2: $" 
      21       24			
      22				 
      23 0000				.code 
      24 0000				main proc 
      25				 
      26 0000  B8 ---- R		mov ax,@data 
      27 0003  8E D8			mov ds,ax 
      28 0005  8E C0			mov es,ax 
      29 0007  B8 4C00			mov ax,4c00h 
      30				 
      31				; start 
      32				 
      33 000A  E8 007E R		call    NEWLINE 
      34				 
      35 000D  8D 16 000A R		lea     dx,inital 
      36 0011  E8 0077 R		call    PRINT_STR 
      37				 
      38 0014  E8 007E R		call    NEWLINE 
      39				 
      40 0017  8D 16 002C R		lea     dx,data1Name 
      41 001B  E8 0077 R		call    PRINT_STR 
      42				 
      43 001E  8D 16 0000 R		lea     dx,data1 
      44 0022  E8 0077 R		call    PRINT_STR 
      45				 
      46 0025  E8 007E R		call    NEWLINE 
      47				 
      48 0028  8D 16 0034 R		lea     dx,data2Name 
      49 002C  E8 0077 R		call    PRINT_STR 
      50				 
      51 002F  8D 16 0005 R		lea     dx,data2 
      52 0033  E8 0077 R		call    PRINT_STR 
      53				 
      54 0036  E8 007E R		call    NEWLINE 
Microsoft (R) Macro Assembler Version 5.00                  8/13/23 17:16:00
                                                             Page     1-2


      55 0039  E8 007E R		call    NEWLINE 
      56				 
      57 003C  8D 36 0000 R		lea si,data1 
      58 0040  8D 3E 0005 R		lea di,data2 
      59				 
      60 0044  B5 00			MOV     CH,00H                    ; Sin
					ce CX should be 00xx 
      61 0046  B1 04			MOV     CL,04H 
      62 0048  F3/ A4			REP     MOVSB                     ; Rep
					eat the transfer untill CL=0 
      63				 
      64 004A  8D 16 001A R		lea     dx,after 
      65 004E  E8 0077 R		call    PRINT_STR 
      66				 
      67 0051  E8 007E R		call    NEWLINE 
      68				 
      69 0054  8D 16 002C R		lea     dx,data1Name 
      70 0058  E8 0077 R		call    PRINT_STR 
      71				 
      72 005B  8D 16 0000 R		lea     dx,data1 
      73 005F  E8 0077 R		call    PRINT_STR 
      74				 
      75 0062  E8 007E R		call    NEWLINE 
      76				 
      77 0065  8D 16 0034 R		lea     dx,data2Name 
      78 0069  E8 0077 R		call    PRINT_STR 
      79				 
      80 006C  8D 16 0005 R		lea     dx,data2 
      81 0070  E8 0077 R		call    PRINT_STR 
      82				;end 
      83				 
      84 0073  B4 4C			mov ah,4ch 
      85 0075  CD 21			int 21h 
      86				 
      87 0077				main endp 
      88				 
      89 0077				PRINT_STR       PROC 
      90 0077  50			                        push    ax 
      91 0078  B4 09			                        mov     ah,09h 
      92 007A  CD 21			                        int     21h 
      93 007C  58			                        pop    ax 
      94 007D  C3			                        ret 
      95 007E				PRINT_STR       ENDP 
      96				 
      97 007E				NEWLINE         PROC 
      98 007E  50			                        push    ax 
      99 007F  52			                        push    dx 
     100 0080  B2 0A			                        mov     dl,10d 
     101 0082  B4 02			                        mov     ah,02h 
     102 0084  CD 21			                        int     21h 
     103 0086  5A			                        pop     dx 
     104 0087  58			                        pop     ax 
     105 0088  C3			                        ret 
     106 0089				NEWLINE         ENDP 
Microsoft (R) Macro Assembler Version 5.00                  8/13/23 17:16:00
                                                             Page     1-3


     107				 
     108 0089				end main 
Microsoft (R) Macro Assembler Version 5.00                  8/13/23 17:16:00
                                                             Symbols-1


Segments and Groups:

                N a m e         	Length	 Align	Combine Class

DGROUP . . . . . . . . . . . . .  	GROUP
  _DATA  . . . . . . . . . . . .  	003C	WORD	PUBLIC	'DATA'
  STACK  . . . . . . . . . . . .  	0064	PARA	STACK	'STACK'
_TEXT  . . . . . . . . . . . . .  	0089	WORD	PUBLIC	'CODE'

Symbols:            

                N a m e         	Type	 Value	 Attr

AFTER  . . . . . . . . . . . . .  	L BYTE	001A	_DATA

DATA1  . . . . . . . . . . . . .  	L BYTE	0000	_DATA
DATA1NAME  . . . . . . . . . . .  	L BYTE	002C	_DATA
DATA2  . . . . . . . . . . . . .  	L BYTE	0005	_DATA	Length = 0004
DATA2NAME  . . . . . . . . . . .  	L BYTE	0034	_DATA

INITAL . . . . . . . . . . . . .  	L BYTE	000A	_DATA

MAIN . . . . . . . . . . . . . .  	N PROC	0000	_TEXT	Length = 0077

NEWLINE  . . . . . . . . . . . .  	N PROC	007E	_TEXT	Length = 000B

PRINT_STR  . . . . . . . . . . .  	N PROC	0077	_TEXT	Length = 0007

@CODE  . . . . . . . . . . . . .  	TEXT  _TEXT		
@CODESIZE  . . . . . . . . . . .  	TEXT  0		
@DATASIZE  . . . . . . . . . . .  	TEXT  0		
@FILENAME  . . . . . . . . . . .  	TEXT  P3Q1		


     99 Source  Lines
     99 Total   Lines
     23 Symbols

  50544 + 466000 Bytes symbol space free

      0 Warning Errors
      0 Severe  Errors
